<?xml version="1.0" encoding="UTF-8"?>
<!-- Generated by org.testng.reporters.JUnitReportReporter -->
<testsuite skipped="0" name="clearTrip.MainPage" tests="1" failures="0" timestamp="10 Dec 2018 12:14:44 GMT" time="26.553" errors="0">
  <testcase name="test" time="26.553" classname="clearTrip.MainPage"/>
</testsuite> <!-- clearTrip.MainPage -->
